<?xml version="1.0" encoding="UTF-8"?>
<coverage generated="1774470714">
  <project timestamp="1774470714" name="Clover Coverage">
    <package name="App\Command">
      <file name="/app/src/Command/LoadFixturesCommand.php">
        <class name="App\Command\LoadFixturesCommand" namespace="App\Command">
          <metrics complexity="9" methods="4" coveredmethods="0" conditionals="0" coveredconditionals="0" statements="97" coveredstatements="0" elements="101" coveredelements="0"/>
        </class>
        <line num="19" type="stmt" count="0"/>
        <line num="20" type="stmt" count="0"/>
        <line num="21" type="stmt" count="0"/>
        <line num="24" type="method" name="__construct" visibility="public" complexity="1" crap="2" count="0"/>
        <line num="27" type="stmt" count="0"/>
        <line num="30" type="method" name="configure" visibility="protected" complexity="1" crap="2" count="0"/>
        <line num="32" type="stmt" count="0"/>
        <line num="33" type="stmt" count="0"/>
        <line num="34" type="stmt" count="0"/>
        <line num="35" type="stmt" count="0"/>
        <line num="36" type="stmt" count="0"/>
        <line num="37" type="stmt" count="0"/>
        <line num="38" type="stmt" count="0"/>
        <line num="40" type="stmt" count="0"/>
        <line num="41" type="stmt" count="0"/>
        <line num="42" type="stmt" count="0"/>
        <line num="43" type="stmt" count="0"/>
        <line num="44" type="stmt" count="0"/>
        <line num="45" type="stmt" count="0"/>
        <line num="48" type="method" name="execute" visibility="protected" complexity="6" crap="42" count="0"/>
        <line num="50" type="stmt" count="0"/>
        <line num="51" type="stmt" count="0"/>
        <line num="52" type="stmt" count="0"/>
        <line num="54" type="stmt" count="0"/>
        <line num="55" type="stmt" count="0"/>
        <line num="56" type="stmt" count="0"/>
        <line num="59" type="stmt" count="0"/>
        <line num="62" type="stmt" count="0"/>
        <line num="63" type="stmt" count="0"/>
        <line num="64" type="stmt" count="0"/>
        <line num="65" type="stmt" count="0"/>
        <line num="66" type="stmt" count="0"/>
        <line num="67" type="stmt" count="0"/>
        <line num="68" type="stmt" count="0"/>
        <line num="69" type="stmt" count="0"/>
        <line num="70" type="stmt" count="0"/>
        <line num="71" type="stmt" count="0"/>
        <line num="72" type="stmt" count="0"/>
        <line num="73" type="stmt" count="0"/>
        <line num="74" type="stmt" count="0"/>
        <line num="75" type="stmt" count="0"/>
        <line num="76" type="stmt" count="0"/>
        <line num="77" type="stmt" count="0"/>
        <line num="78" type="stmt" count="0"/>
        <line num="79" type="stmt" count="0"/>
        <line num="80" type="stmt" count="0"/>
        <line num="81" type="stmt" count="0"/>
        <line num="82" type="stmt" count="0"/>
        <line num="83" type="stmt" count="0"/>
        <line num="84" type="stmt" count="0"/>
        <line num="85" type="stmt" count="0"/>
        <line num="86" type="stmt" count="0"/>
        <line num="87" type="stmt" count="0"/>
        <line num="88" type="stmt" count="0"/>
        <line num="89" type="stmt" count="0"/>
        <line num="90" type="stmt" count="0"/>
        <line num="92" type="stmt" count="0"/>
        <line num="93" type="stmt" count="0"/>
        <line num="94" type="stmt" count="0"/>
        <line num="95" type="stmt" count="0"/>
        <line num="96" type="stmt" count="0"/>
        <line num="97" type="stmt" count="0"/>
        <line num="99" type="stmt" count="0"/>
        <line num="100" type="stmt" count="0"/>
        <line num="101" type="stmt" count="0"/>
        <line num="102" type="stmt" count="0"/>
        <line num="103" type="stmt" count="0"/>
        <line num="104" type="stmt" count="0"/>
        <line num="105" type="stmt" count="0"/>
        <line num="106" type="stmt" count="0"/>
        <line num="107" type="stmt" count="0"/>
        <line num="110" type="stmt" count="0"/>
        <line num="114" type="stmt" count="0"/>
        <line num="115" type="stmt" count="0"/>
        <line num="116" type="stmt" count="0"/>
        <line num="117" type="stmt" count="0"/>
        <line num="118" type="stmt" count="0"/>
        <line num="119" type="stmt" count="0"/>
        <line num="120" type="stmt" count="0"/>
        <line num="121" type="stmt" count="0"/>
        <line num="122" type="stmt" count="0"/>
        <line num="124" type="stmt" count="0"/>
        <line num="125" type="stmt" count="0"/>
        <line num="126" type="stmt" count="0"/>
        <line num="127" type="stmt" count="0"/>
        <line num="128" type="stmt" count="0"/>
        <line num="129" type="stmt" count="0"/>
        <line num="130" type="stmt" count="0"/>
        <line num="131" type="stmt" count="0"/>
        <line num="134" type="stmt" count="0"/>
        <line num="136" type="stmt" count="0"/>
        <line num="137" type="stmt" count="0"/>
        <line num="138" type="stmt" count="0"/>
        <line num="139" type="stmt" count="0"/>
        <line num="140" type="stmt" count="0"/>
        <line num="141" type="stmt" count="0"/>
        <line num="143" type="stmt" count="0"/>
        <line num="146" type="method" name="clearData" visibility="private" complexity="1" crap="2" count="0"/>
        <line num="148" type="stmt" count="0"/>
        <line num="149" type="stmt" count="0"/>
        <line num="150" type="stmt" count="0"/>
        <line num="151" type="stmt" count="0"/>
        <line num="152" type="stmt" count="0"/>
        <line num="153" type="stmt" count="0"/>
        <metrics loc="156" ncloc="154" classes="1" methods="4" coveredmethods="0" conditionals="0" coveredconditionals="0" statements="100" coveredstatements="0" elements="104" coveredelements="0"/>
      </file>
    </package>
    <package name="App\Controller">
      <file name="/app/src/Controller/HealthController.php">
        <class name="App\Controller\HealthController" namespace="App\Controller">
          <metrics complexity="1" methods="1" coveredmethods="0" conditionals="0" coveredconditionals="0" statements="1" coveredstatements="0" elements="2" coveredelements="0"/>
        </class>
        <line num="16" type="method" name="__invoke" visibility="public" complexity="1" crap="2" count="0"/>
        <line num="19" type="stmt" count="0"/>
        <metrics loc="22" ncloc="22" classes="1" methods="1" coveredmethods="0" conditionals="0" coveredconditionals="0" statements="1" coveredstatements="0" elements="2" coveredelements="0"/>
      </file>
      <file name="/app/src/Controller/ShoppingListController.php">
        <class name="App\Controller\ShoppingListController" namespace="App\Controller">
          <metrics complexity="29" methods="15" coveredmethods="0" conditionals="0" coveredconditionals="0" statements="68" coveredstatements="0" elements="83" coveredelements="0"/>
        </class>
        <line num="23" type="method" name="__construct" visibility="public" complexity="1" crap="2" count="0"/>
        <line num="28" type="stmt" count="0"/>
        <line num="30" type="method" name="index" visibility="public" complexity="1" crap="2" count="0"/>
        <line num="33" type="stmt" count="0"/>
        <line num="35" type="stmt" count="0"/>
        <line num="38" type="method" name="create" visibility="public" complexity="2" crap="6" count="0"/>
        <line num="41" type="stmt" count="0"/>
        <line num="44" type="stmt" count="0"/>
        <line num="45" type="stmt" count="0"/>
        <line num="46" type="stmt" count="0"/>
        <line num="49" type="stmt" count="0"/>
        <line num="52" type="method" name="show" visibility="public" complexity="1" crap="2" count="0"/>
        <line num="55" type="stmt" count="0"/>
        <line num="57" type="stmt" count="0"/>
        <line num="60" type="method" name="update" visibility="public" complexity="2" crap="6" count="0"/>
        <line num="63" type="stmt" count="0"/>
        <line num="64" type="stmt" count="0"/>
        <line num="67" type="stmt" count="0"/>
        <line num="68" type="stmt" count="0"/>
        <line num="69" type="stmt" count="0"/>
        <line num="72" type="stmt" count="0"/>
        <line num="75" type="method" name="delete" visibility="public" complexity="1" crap="2" count="0"/>
        <line num="78" type="stmt" count="0"/>
        <line num="79" type="stmt" count="0"/>
        <line num="81" type="stmt" count="0"/>
        <line num="84" type="method" name="updateStatus" visibility="public" complexity="3" crap="12" count="0"/>
        <line num="87" type="stmt" count="0"/>
        <line num="88" type="stmt" count="0"/>
        <line num="90" type="stmt" count="0"/>
        <line num="91" type="stmt" count="0"/>
        <line num="95" type="stmt" count="0"/>
        <line num="96" type="stmt" count="0"/>
        <line num="97" type="stmt" count="0"/>
        <line num="100" type="stmt" count="0"/>
        <line num="103" type="method" name="addProduct" visibility="public" complexity="2" crap="6" count="0"/>
        <line num="106" type="stmt" count="0"/>
        <line num="107" type="stmt" count="0"/>
        <line num="110" type="stmt" count="0"/>
        <line num="111" type="stmt" count="0"/>
        <line num="112" type="stmt" count="0"/>
        <line num="115" type="stmt" count="0"/>
        <line num="118" type="method" name="removeProduct" visibility="public" complexity="4" crap="20" count="0"/>
        <line num="121" type="stmt" count="0"/>
        <line num="122" type="stmt" count="0"/>
        <line num="123" type="stmt" count="0"/>
        <line num="125" type="stmt" count="0"/>
        <line num="127" type="stmt" count="0"/>
        <line num="128" type="stmt" count="0"/>
        <line num="129" type="stmt" count="0"/>
        <line num="132" type="stmt" count="0"/>
        <line num="134" type="stmt" count="0"/>
        <line num="137" type="method" name="share" visibility="public" complexity="3" crap="12" count="0"/>
        <line num="140" type="stmt" count="0"/>
        <line num="141" type="stmt" count="0"/>
        <line num="142" type="stmt" count="0"/>
        <line num="144" type="stmt" count="0"/>
        <line num="145" type="stmt" count="0"/>
        <line num="149" type="stmt" count="0"/>
        <line num="150" type="stmt" count="0"/>
        <line num="151" type="stmt" count="0"/>
        <line num="154" type="stmt" count="0"/>
        <line num="157" type="method" name="unshare" visibility="public" complexity="1" crap="2" count="0"/>
        <line num="160" type="stmt" count="0"/>
        <line num="162" type="stmt" count="0"/>
        <line num="164" type="stmt" count="0"/>
        <line num="167" type="method" name="getOwnerId" visibility="private" complexity="1" crap="2" count="0"/>
        <line num="170" type="stmt" count="0"/>
        <line num="171" type="stmt" count="0"/>
        <line num="174" type="method" name="assertOwner" visibility="private" complexity="2" crap="6" count="0"/>
        <line num="176" type="stmt" count="0"/>
        <line num="177" type="stmt" count="0"/>
        <line num="181" type="method" name="assertAccessible" visibility="private" complexity="3" crap="12" count="0"/>
        <line num="183" type="stmt" count="0"/>
        <line num="184" type="stmt" count="0"/>
        <line num="185" type="stmt" count="0"/>
        <line num="188" type="stmt" count="0"/>
        <line num="189" type="stmt" count="0"/>
        <line num="192" type="stmt" count="0"/>
        <line num="196" type="method" name="formatValidationErrors" visibility="private" complexity="2" crap="6" count="0"/>
        <line num="198" type="stmt" count="0"/>
        <line num="199" type="stmt" count="0"/>
        <line num="200" type="stmt" count="0"/>
        <line num="202" type="stmt" count="0"/>
        <metrics loc="205" ncloc="203" classes="1" methods="15" coveredmethods="0" conditionals="0" coveredconditionals="0" statements="68" coveredstatements="0" elements="83" coveredelements="0"/>
      </file>
      <file name="/app/src/Controller/TodoController.php">
        <class name="App\Controller\TodoController" namespace="App\Controller">
          <metrics complexity="16" methods="11" coveredmethods="0" conditionals="0" coveredconditionals="0" statements="38" coveredstatements="0" elements="49" coveredelements="0"/>
        </class>
        <line num="19" type="method" name="__construct" visibility="public" complexity="1" crap="2" count="0"/>
        <line num="22" type="stmt" count="0"/>
        <line num="24" type="method" name="index" visibility="public" complexity="1" crap="2" count="0"/>
        <line num="27" type="stmt" count="0"/>
        <line num="28" type="stmt" count="0"/>
        <line num="31" type="method" name="create" visibility="public" complexity="1" crap="2" count="0"/>
        <line num="34" type="stmt" count="0"/>
        <line num="35" type="stmt" count="0"/>
        <line num="36" type="stmt" count="0"/>
        <line num="39" type="method" name="update" visibility="public" complexity="1" crap="2" count="0"/>
        <line num="42" type="stmt" count="0"/>
        <line num="43" type="stmt" count="0"/>
        <line num="44" type="stmt" count="0"/>
        <line num="45" type="stmt" count="0"/>
        <line num="48" type="method" name="delete" visibility="public" complexity="1" crap="2" count="0"/>
        <line num="51" type="stmt" count="0"/>
        <line num="52" type="stmt" count="0"/>
        <line num="53" type="stmt" count="0"/>
        <line num="56" type="method" name="toggle" visibility="public" complexity="1" crap="2" count="0"/>
        <line num="59" type="stmt" count="0"/>
        <line num="60" type="stmt" count="0"/>
        <line num="61" type="stmt" count="0"/>
        <line num="64" type="method" name="share" visibility="public" complexity="3" crap="12" count="0"/>
        <line num="67" type="stmt" count="0"/>
        <line num="68" type="stmt" count="0"/>
        <line num="69" type="stmt" count="0"/>
        <line num="71" type="stmt" count="0"/>
        <line num="72" type="stmt" count="0"/>
        <line num="76" type="stmt" count="0"/>
        <line num="77" type="stmt" count="0"/>
        <line num="78" type="stmt" count="0"/>
        <line num="81" type="stmt" count="0"/>
        <line num="84" type="method" name="unshare" visibility="public" complexity="1" crap="2" count="0"/>
        <line num="87" type="stmt" count="0"/>
        <line num="89" type="stmt" count="0"/>
        <line num="91" type="stmt" count="0"/>
        <line num="94" type="method" name="getOwnerId" visibility="private" complexity="1" crap="2" count="0"/>
        <line num="97" type="stmt" count="0"/>
        <line num="98" type="stmt" count="0"/>
        <line num="101" type="method" name="assertOwner" visibility="private" complexity="2" crap="6" count="0"/>
        <line num="103" type="stmt" count="0"/>
        <line num="104" type="stmt" count="0"/>
        <line num="108" type="method" name="assertAccessible" visibility="private" complexity="3" crap="12" count="0"/>
        <line num="110" type="stmt" count="0"/>
        <line num="111" type="stmt" count="0"/>
        <line num="112" type="stmt" count="0"/>
        <line num="115" type="stmt" count="0"/>
        <line num="116" type="stmt" count="0"/>
        <line num="119" type="stmt" count="0"/>
        <metrics loc="122" ncloc="121" classes="1" methods="11" coveredmethods="0" conditionals="0" coveredconditionals="0" statements="38" coveredstatements="0" elements="49" coveredelements="0"/>
      </file>
    </package>
    <package name="App\Entity">
      <file name="/app/src/Entity/ShoppingList.php">
        <class name="App\Entity\ShoppingList" namespace="App\Entity">
          <metrics complexity="27" methods="17" coveredmethods="12" conditionals="0" coveredconditionals="0" statements="52" coveredstatements="21" elements="69" coveredelements="33"/>
        </class>
        <line num="53" type="method" name="__construct" visibility="public" complexity="1" crap="1" count="6"/>
        <line num="55" type="stmt" count="6"/>
        <line num="60" type="method" name="getId" visibility="public" complexity="1" crap="1" count="1"/>
        <line num="62" type="stmt" count="1"/>
        <line num="65" type="method" name="getName" visibility="public" complexity="1" crap="1" count="2"/>
        <line num="67" type="stmt" count="2"/>
        <line num="70" type="method" name="setName" visibility="public" complexity="1" crap="1" count="6"/>
        <line num="72" type="stmt" count="6"/>
        <line num="73" type="stmt" count="6"/>
        <line num="76" type="method" name="getStatus" visibility="public" complexity="1" crap="1" count="1"/>
        <line num="78" type="stmt" count="1"/>
        <line num="81" type="method" name="setStatus" visibility="public" complexity="1" crap="2" count="0"/>
        <line num="83" type="stmt" count="0"/>
        <line num="84" type="stmt" count="0"/>
        <line num="87" type="method" name="getDueDate" visibility="public" complexity="1" crap="1" count="1"/>
        <line num="89" type="stmt" count="1"/>
        <line num="92" type="method" name="setDueDate" visibility="public" complexity="1" crap="1" count="3"/>
        <line num="94" type="stmt" count="3"/>
        <line num="95" type="stmt" count="3"/>
        <line num="98" type="method" name="getOwnerId" visibility="public" complexity="1" crap="1" count="2"/>
        <line num="100" type="stmt" count="2"/>
        <line num="103" type="method" name="setOwnerId" visibility="public" complexity="1" crap="1" count="6"/>
        <line num="105" type="stmt" count="6"/>
        <line num="106" type="stmt" count="6"/>
        <line num="110" type="method" name="getSharedWithUserIds" visibility="public" complexity="2" crap="2" count="1"/>
        <line num="112" type="stmt" count="1"/>
        <line num="113" type="stmt" count="1"/>
        <line num="114" type="stmt" count="1"/>
        <line num="115" type="stmt" count="1"/>
        <line num="119" type="method" name="setSharedWithUserIds" visibility="public" complexity="4" crap="20" count="0"/>
        <line num="121" type="stmt" count="0"/>
        <line num="122" type="stmt" count="0"/>
        <line num="123" type="stmt" count="0"/>
        <line num="124" type="stmt" count="0"/>
        <line num="125" type="stmt" count="0"/>
        <line num="127" type="stmt" count="0"/>
        <line num="128" type="stmt" count="0"/>
        <line num="132" type="stmt" count="0"/>
        <line num="134" type="stmt" count="0"/>
        <line num="137" type="method" name="addSharedUserId" visibility="public" complexity="3" crap="12" count="0"/>
        <line num="139" type="stmt" count="0"/>
        <line num="140" type="stmt" count="0"/>
        <line num="141" type="stmt" count="0"/>
        <line num="144" type="stmt" count="0"/>
        <line num="145" type="stmt" count="0"/>
        <line num="146" type="stmt" count="0"/>
        <line num="147" type="stmt" count="0"/>
        <line num="150" type="stmt" count="0"/>
        <line num="153" type="method" name="removeSharedUserId" visibility="public" complexity="2" crap="6" count="0"/>
        <line num="155" type="stmt" count="0"/>
        <line num="156" type="stmt" count="0"/>
        <line num="157" type="stmt" count="0"/>
        <line num="160" type="stmt" count="0"/>
        <line num="161" type="stmt" count="0"/>
        <line num="162" type="stmt" count="0"/>
        <line num="163" type="stmt" count="0"/>
        <line num="165" type="stmt" count="0"/>
        <line num="169" type="method" name="getProducts" visibility="public" complexity="1" crap="1" count="2"/>
        <line num="171" type="stmt" count="2"/>
        <line num="174" type="method" name="addProduct" visibility="public" complexity="2" crap="2" count="1"/>
        <line num="176" type="stmt" count="1"/>
        <line num="177" type="stmt" count="1"/>
        <line num="178" type="stmt" count="1"/>
        <line num="180" type="stmt" count="1"/>
        <line num="183" type="method" name="removeProduct" visibility="public" complexity="3" crap="12" count="0"/>
        <line num="185" type="stmt" count="0"/>
        <line num="186" type="stmt" count="0"/>
        <line num="187" type="stmt" count="0"/>
        <line num="190" type="stmt" count="0"/>
        <metrics loc="193" ncloc="186" classes="1" methods="17" coveredmethods="12" conditionals="0" coveredconditionals="0" statements="52" coveredstatements="21" elements="69" coveredelements="33"/>
      </file>
      <file name="/app/src/Entity/ShoppingListProduct.php">
        <class name="App\Entity\ShoppingListProduct" namespace="App\Entity">
          <metrics complexity="13" methods="13" coveredmethods="6" conditionals="0" coveredconditionals="0" statements="19" coveredstatements="12" elements="32" coveredelements="18"/>
        </class>
        <line num="46" type="method" name="getId" visibility="public" complexity="1" crap="2" count="0"/>
        <line num="48" type="stmt" count="0"/>
        <line num="51" type="method" name="getShoppingList" visibility="public" complexity="1" crap="2" count="0"/>
        <line num="53" type="stmt" count="0"/>
        <line num="56" type="method" name="setShoppingList" visibility="public" complexity="1" crap="1" count="1"/>
        <line num="58" type="stmt" count="1"/>
        <line num="59" type="stmt" count="1"/>
        <line num="62" type="method" name="getName" visibility="public" complexity="1" crap="2" count="0"/>
        <line num="64" type="stmt" count="0"/>
        <line num="67" type="method" name="setName" visibility="public" complexity="1" crap="1" count="1"/>
        <line num="69" type="stmt" count="1"/>
        <line num="70" type="stmt" count="1"/>
        <line num="73" type="method" name="getQty" visibility="public" complexity="1" crap="2" count="0"/>
        <line num="75" type="stmt" count="0"/>
        <line num="78" type="method" name="setQty" visibility="public" complexity="1" crap="1" count="1"/>
        <line num="80" type="stmt" count="1"/>
        <line num="81" type="stmt" count="1"/>
        <line num="84" type="method" name="getWeight" visibility="public" complexity="1" crap="2" count="0"/>
        <line num="86" type="stmt" count="0"/>
        <line num="89" type="method" name="setWeight" visibility="public" complexity="1" crap="1" count="1"/>
        <line num="91" type="stmt" count="1"/>
        <line num="92" type="stmt" count="1"/>
        <line num="95" type="method" name="getPosition" visibility="public" complexity="1" crap="2" count="0"/>
        <line num="97" type="stmt" count="0"/>
        <line num="100" type="method" name="setPosition" visibility="public" complexity="1" crap="1" count="1"/>
        <line num="102" type="stmt" count="1"/>
        <line num="103" type="stmt" count="1"/>
        <line num="106" type="method" name="isBought" visibility="public" complexity="1" crap="2" count="0"/>
        <line num="108" type="stmt" count="0"/>
        <line num="111" type="method" name="setBought" visibility="public" complexity="1" crap="1" count="1"/>
        <line num="113" type="stmt" count="1"/>
        <line num="114" type="stmt" count="1"/>
        <metrics loc="117" ncloc="116" classes="1" methods="13" coveredmethods="6" conditionals="0" coveredconditionals="0" statements="19" coveredstatements="12" elements="32" coveredelements="18"/>
      </file>
      <file name="/app/src/Entity/TodoItem.php">
        <class name="App\Entity\TodoItem" namespace="App\Entity">
          <metrics complexity="20" methods="13" coveredmethods="10" conditionals="0" coveredconditionals="0" statements="42" coveredstatements="17" elements="55" coveredelements="27"/>
        </class>
        <line num="44" type="method" name="getId" visibility="public" complexity="1" crap="1" count="1"/>
        <line num="46" type="stmt" count="1"/>
        <line num="49" type="method" name="getText" visibility="public" complexity="1" crap="1" count="4"/>
        <line num="51" type="stmt" count="4"/>
        <line num="54" type="method" name="setText" visibility="public" complexity="1" crap="1" count="8"/>
        <line num="56" type="stmt" count="8"/>
        <line num="57" type="stmt" count="8"/>
        <line num="60" type="method" name="isDone" visibility="public" complexity="1" crap="1" count="4"/>
        <line num="62" type="stmt" count="4"/>
        <line num="65" type="method" name="setDone" visibility="public" complexity="1" crap="1" count="8"/>
        <line num="67" type="stmt" count="8"/>
        <line num="68" type="stmt" count="8"/>
        <line num="71" type="method" name="getDueDate" visibility="public" complexity="1" crap="1" count="1"/>
        <line num="73" type="stmt" count="1"/>
        <line num="76" type="method" name="setDueDate" visibility="public" complexity="1" crap="1" count="3"/>
        <line num="78" type="stmt" count="3"/>
        <line num="79" type="stmt" count="3"/>
        <line num="82" type="method" name="getOwnerId" visibility="public" complexity="1" crap="1" count="2"/>
        <line num="84" type="stmt" count="2"/>
        <line num="87" type="method" name="setOwnerId" visibility="public" complexity="1" crap="1" count="8"/>
        <line num="89" type="stmt" count="8"/>
        <line num="90" type="stmt" count="8"/>
        <line num="94" type="method" name="getSharedWithUserIds" visibility="public" complexity="2" crap="2" count="1"/>
        <line num="96" type="stmt" count="1"/>
        <line num="97" type="stmt" count="1"/>
        <line num="98" type="stmt" count="1"/>
        <line num="99" type="stmt" count="1"/>
        <line num="103" type="method" name="setSharedWithUserIds" visibility="public" complexity="4" crap="20" count="0"/>
        <line num="105" type="stmt" count="0"/>
        <line num="106" type="stmt" count="0"/>
        <line num="107" type="stmt" count="0"/>
        <line num="108" type="stmt" count="0"/>
        <line num="109" type="stmt" count="0"/>
        <line num="111" type="stmt" count="0"/>
        <line num="112" type="stmt" count="0"/>
        <line num="116" type="stmt" count="0"/>
        <line num="118" type="stmt" count="0"/>
        <line num="121" type="method" name="addSharedUserId" visibility="public" complexity="3" crap="12" count="0"/>
        <line num="123" type="stmt" count="0"/>
        <line num="124" type="stmt" count="0"/>
        <line num="125" type="stmt" count="0"/>
        <line num="128" type="stmt" count="0"/>
        <line num="129" type="stmt" count="0"/>
        <line num="130" type="stmt" count="0"/>
        <line num="131" type="stmt" count="0"/>
        <line num="134" type="stmt" count="0"/>
        <line num="137" type="method" name="removeSharedUserId" visibility="public" complexity="2" crap="6" count="0"/>
        <line num="139" type="stmt" count="0"/>
        <line num="140" type="stmt" count="0"/>
        <line num="141" type="stmt" count="0"/>
        <line num="144" type="stmt" count="0"/>
        <line num="145" type="stmt" count="0"/>
        <line num="146" type="stmt" count="0"/>
        <line num="147" type="stmt" count="0"/>
        <line num="149" type="stmt" count="0"/>
        <metrics loc="152" ncloc="147" classes="1" methods="13" coveredmethods="10" conditionals="0" coveredconditionals="0" statements="42" coveredstatements="17" elements="55" coveredelements="27"/>
      </file>
    </package>
    <package name="App\EventListener">
      <file name="/app/src/EventListener/ExceptionListener.php">
        <class name="App\EventListener\ExceptionListener" namespace="App\EventListener">
          <metrics complexity="0" methods="0" coveredmethods="0" conditionals="0" coveredconditionals="0" statements="0" coveredstatements="0" elements="0" coveredelements="0"/>
        </class>
        <metrics loc="18" ncloc="12" classes="0" methods="0" coveredmethods="0" conditionals="0" coveredconditionals="0" statements="0" coveredstatements="0" elements="0" coveredelements="0"/>
      </file>
    </package>
    <package name="App">
      <file name="/app/src/Kernel.php">
        <class name="App\Kernel" namespace="App">
          <metrics complexity="0" methods="0" coveredmethods="0" conditionals="0" coveredconditionals="0" statements="0" coveredstatements="0" elements="0" coveredelements="0"/>
        </class>
        <metrics loc="14" ncloc="14" classes="0" methods="0" coveredmethods="0" conditionals="0" coveredconditionals="0" statements="0" coveredstatements="0" elements="0" coveredelements="0"/>
      </file>
    </package>
    <package name="App\Repository">
      <file name="/app/src/Repository/ShoppingListProductRepository.php">
        <class name="App\Repository\ShoppingListProductRepository" namespace="App\Repository">
          <metrics complexity="1" methods="1" coveredmethods="0" conditionals="0" coveredconditionals="0" statements="1" coveredstatements="0" elements="2" coveredelements="0"/>
        </class>
        <line num="19" type="method" name="__construct" visibility="public" complexity="1" crap="2" count="0"/>
        <line num="21" type="stmt" count="0"/>
        <metrics loc="24" ncloc="21" classes="1" methods="1" coveredmethods="0" conditionals="0" coveredconditionals="0" statements="1" coveredstatements="0" elements="2" coveredelements="0"/>
      </file>
      <file name="/app/src/Repository/ShoppingListRepository.php">
        <class name="App\Repository\ShoppingListRepository" namespace="App\Repository">
          <metrics complexity="3" methods="3" coveredmethods="0" conditionals="0" coveredconditionals="0" statements="11" coveredstatements="0" elements="14" coveredelements="0"/>
        </class>
        <line num="19" type="method" name="__construct" visibility="public" complexity="1" crap="2" count="0"/>
        <line num="21" type="stmt" count="0"/>
        <line num="27" type="method" name="findAllByOwner" visibility="public" complexity="1" crap="2" count="0"/>
        <line num="29" type="stmt" count="0"/>
        <line num="35" type="method" name="findAllAccessibleByUser" visibility="public" complexity="1" crap="2" count="0"/>
        <line num="37" type="stmt" count="0"/>
        <line num="38" type="stmt" count="0"/>
        <line num="39" type="stmt" count="0"/>
        <line num="40" type="stmt" count="0"/>
        <line num="41" type="stmt" count="0"/>
        <line num="42" type="stmt" count="0"/>
        <line num="43" type="stmt" count="0"/>
        <line num="44" type="stmt" count="0"/>
        <line num="45" type="stmt" count="0"/>
        <metrics loc="48" ncloc="39" classes="1" methods="3" coveredmethods="0" conditionals="0" coveredconditionals="0" statements="11" coveredstatements="0" elements="14" coveredelements="0"/>
      </file>
      <file name="/app/src/Repository/TodoItemRepository.php">
        <class name="App\Repository\TodoItemRepository" namespace="App\Repository">
          <metrics complexity="3" methods="3" coveredmethods="0" conditionals="0" coveredconditionals="0" statements="9" coveredstatements="0" elements="12" coveredelements="0"/>
        </class>
        <line num="19" type="method" name="__construct" visibility="public" complexity="1" crap="2" count="0"/>
        <line num="21" type="stmt" count="0"/>
        <line num="27" type="method" name="findAllByOwner" visibility="public" complexity="1" crap="2" count="0"/>
        <line num="29" type="stmt" count="0"/>
        <line num="35" type="method" name="findAllAccessibleByUser" visibility="public" complexity="1" crap="2" count="0"/>
        <line num="37" type="stmt" count="0"/>
        <line num="38" type="stmt" count="0"/>
        <line num="39" type="stmt" count="0"/>
        <line num="40" type="stmt" count="0"/>
        <line num="41" type="stmt" count="0"/>
        <line num="42" type="stmt" count="0"/>
        <line num="43" type="stmt" count="0"/>
        <metrics loc="46" ncloc="37" classes="1" methods="3" coveredmethods="0" conditionals="0" coveredconditionals="0" statements="9" coveredstatements="0" elements="12" coveredelements="0"/>
      </file>
    </package>
    <package name="App\Service">
      <file name="/app/src/Service/ShoppingListService.php">
        <class name="App\Service\ShoppingListService" namespace="App\Service">
          <metrics complexity="35" methods="16" coveredmethods="6" conditionals="0" coveredconditionals="0" statements="109" coveredstatements="47" elements="125" coveredelements="53"/>
        </class>
        <line num="17" type="method" name="__construct" visibility="public" complexity="1" crap="1" count="6"/>
        <line num="23" type="stmt" count="6"/>
        <line num="26" type="method" name="findAllByOwner" visibility="public" complexity="1" crap="1" count="1"/>
        <line num="28" type="stmt" count="1"/>
        <line num="35" type="method" name="create" visibility="public" complexity="3" crap="3.00" count="3"/>
        <line num="37" type="stmt" count="3"/>
        <line num="38" type="stmt" count="3"/>
        <line num="39" type="stmt" count="3"/>
        <line num="40" type="stmt" count="3"/>
        <line num="41" type="stmt" count="0"/>
        <line num="43" type="stmt" count="3"/>
        <line num="44" type="stmt" count="3"/>
        <line num="45" type="stmt" count="3"/>
        <line num="46" type="stmt" count="3"/>
        <line num="48" type="stmt" count="3"/>
        <line num="50" type="stmt" count="2"/>
        <line num="51" type="stmt" count="1"/>
        <line num="54" type="stmt" count="2"/>
        <line num="56" type="stmt" count="2"/>
        <line num="63" type="method" name="update" visibility="public" complexity="8" crap="72" count="0"/>
        <line num="65" type="stmt" count="0"/>
        <line num="66" type="stmt" count="0"/>
        <line num="69" type="stmt" count="0"/>
        <line num="70" type="stmt" count="0"/>
        <line num="73" type="stmt" count="0"/>
        <line num="74" type="stmt" count="0"/>
        <line num="77" type="stmt" count="0"/>
        <line num="79" type="stmt" count="0"/>
        <line num="80" type="stmt" count="0"/>
        <line num="81" type="stmt" count="0"/>
        <line num="82" type="stmt" count="0"/>
        <line num="85" type="stmt" count="0"/>
        <line num="86" type="stmt" count="0"/>
        <line num="90" type="stmt" count="0"/>
        <line num="91" type="stmt" count="0"/>
        <line num="93" type="stmt" count="0"/>
        <line num="96" type="method" name="delete" visibility="public" complexity="1" crap="1" count="1"/>
        <line num="98" type="stmt" count="1"/>
        <line num="104" type="method" name="updateStatus" visibility="public" complexity="1" crap="2" count="0"/>
        <line num="106" type="stmt" count="0"/>
        <line num="107" type="stmt" count="0"/>
        <line num="108" type="stmt" count="0"/>
        <line num="109" type="stmt" count="0"/>
        <line num="111" type="stmt" count="0"/>
        <line num="118" type="method" name="addProduct" visibility="public" complexity="2" crap="6" count="0"/>
        <line num="120" type="stmt" count="0"/>
        <line num="121" type="stmt" count="0"/>
        <line num="123" type="stmt" count="0"/>
        <line num="124" type="stmt" count="0"/>
        <line num="125" type="stmt" count="0"/>
        <line num="128" type="stmt" count="0"/>
        <line num="130" type="stmt" count="0"/>
        <line num="133" type="method" name="removeProduct" visibility="public" complexity="1" crap="2" count="0"/>
        <line num="135" type="stmt" count="0"/>
        <line num="138" type="method" name="shareWithUser" visibility="public" complexity="3" crap="12" count="0"/>
        <line num="140" type="stmt" count="0"/>
        <line num="141" type="stmt" count="0"/>
        <line num="142" type="stmt" count="0"/>
        <line num="145" type="stmt" count="0"/>
        <line num="146" type="stmt" count="0"/>
        <line num="149" type="stmt" count="0"/>
        <line num="150" type="stmt" count="0"/>
        <line num="151" type="stmt" count="0"/>
        <line num="153" type="stmt" count="0"/>
        <line num="156" type="method" name="unshareWithUser" visibility="public" complexity="1" crap="2" count="0"/>
        <line num="158" type="stmt" count="0"/>
        <line num="159" type="stmt" count="0"/>
        <line num="160" type="stmt" count="0"/>
        <line num="162" type="stmt" count="0"/>
        <line num="166" type="method" name="serializeList" visibility="public" complexity="1" crap="1" count="1"/>
        <line num="168" type="stmt" count="1"/>
        <line num="169" type="stmt" count="1"/>
        <line num="170" type="stmt" count="1"/>
        <line num="171" type="stmt" count="1"/>
        <line num="172" type="stmt" count="1"/>
        <line num="173" type="stmt" count="1"/>
        <line num="174" type="stmt" count="1"/>
        <line num="175" type="stmt" count="1"/>
        <line num="176" type="stmt" count="1"/>
        <line num="177" type="stmt" count="1"/>
        <line num="178" type="stmt" count="1"/>
        <line num="179" type="stmt" count="1"/>
        <line num="183" type="method" name="serializeProduct" visibility="public" complexity="1" crap="2" count="0"/>
        <line num="185" type="stmt" count="0"/>
        <line num="186" type="stmt" count="0"/>
        <line num="187" type="stmt" count="0"/>
        <line num="188" type="stmt" count="0"/>
        <line num="189" type="stmt" count="0"/>
        <line num="190" type="stmt" count="0"/>
        <line num="191" type="stmt" count="0"/>
        <line num="192" type="stmt" count="0"/>
        <line num="193" type="stmt" count="0"/>
        <line num="199" type="method" name="buildProduct" visibility="private" complexity="1" crap="1" count="1"/>
        <line num="201" type="stmt" count="1"/>
        <line num="202" type="stmt" count="1"/>
        <line num="203" type="stmt" count="1"/>
        <line num="204" type="stmt" count="1"/>
        <line num="205" type="stmt" count="1"/>
        <line num="206" type="stmt" count="1"/>
        <line num="207" type="stmt" count="1"/>
        <line num="208" type="stmt" count="1"/>
        <line num="209" type="stmt" count="1"/>
        <line num="211" type="stmt" count="1"/>
        <line num="214" type="method" name="parseDueDate" visibility="private" complexity="4" crap="11.53" count="3"/>
        <line num="216" type="stmt" count="3"/>
        <line num="217" type="stmt" count="3"/>
        <line num="220" type="stmt" count="0"/>
        <line num="221" type="stmt" count="0"/>
        <line num="222" type="stmt" count="0"/>
        <line num="225" type="stmt" count="0"/>
        <line num="226" type="stmt" count="0"/>
        <line num="227" type="stmt" count="0"/>
        <line num="230" type="stmt" count="0"/>
        <line num="233" type="method" name="resolveActorId" visibility="private" complexity="4" crap="5.26" count="3"/>
        <line num="235" type="stmt" count="3"/>
        <line num="236" type="stmt" count="0"/>
        <line num="237" type="stmt" count="0"/>
        <line num="238" type="stmt" count="0"/>
        <line num="242" type="stmt" count="3"/>
        <line num="243" type="stmt" count="3"/>
        <line num="245" type="stmt" count="3"/>
        <line num="249" type="method" name="validate" visibility="private" complexity="2" crap="2" count="3"/>
        <line num="251" type="stmt" count="3"/>
        <line num="252" type="stmt" count="3"/>
        <line num="253" type="stmt" count="1"/>
        <metrics loc="257" ncloc="235" classes="1" methods="16" coveredmethods="6" conditionals="0" coveredconditionals="0" statements="109" coveredstatements="47" elements="125" coveredelements="53"/>
      </file>
      <file name="/app/src/Service/TodoService.php">
        <class name="App\Service\TodoService" namespace="App\Service">
          <metrics complexity="24" methods="12" coveredmethods="7" conditionals="0" coveredconditionals="0" statements="71" coveredstatements="47" elements="83" coveredelements="54"/>
        </class>
        <line num="15" type="method" name="__construct" visibility="public" complexity="1" crap="1" count="8"/>
        <line num="20" type="stmt" count="8"/>
        <line num="23" type="method" name="findAllByOwner" visibility="public" complexity="1" crap="1" count="1"/>
        <line num="25" type="stmt" count="1"/>
        <line num="32" type="method" name="create" visibility="public" complexity="1" crap="1" count="3"/>
        <line num="34" type="stmt" count="3"/>
        <line num="35" type="stmt" count="3"/>
        <line num="36" type="stmt" count="3"/>
        <line num="37" type="stmt" count="3"/>
        <line num="38" type="stmt" count="3"/>
        <line num="39" type="stmt" count="3"/>
        <line num="40" type="stmt" count="3"/>
        <line num="41" type="stmt" count="3"/>
        <line num="43" type="stmt" count="3"/>
        <line num="44" type="stmt" count="2"/>
        <line num="46" type="stmt" count="2"/>
        <line num="53" type="method" name="update" visibility="public" complexity="4" crap="4.02" count="1"/>
        <line num="55" type="stmt" count="1"/>
        <line num="56" type="stmt" count="1"/>
        <line num="58" type="stmt" count="1"/>
        <line num="59" type="stmt" count="1"/>
        <line num="61" type="stmt" count="1"/>
        <line num="62" type="stmt" count="0"/>
        <line num="64" type="stmt" count="1"/>
        <line num="66" type="stmt" count="1"/>
        <line num="67" type="stmt" count="1"/>
        <line num="69" type="stmt" count="1"/>
        <line num="72" type="method" name="toggle" visibility="public" complexity="1" crap="1" count="1"/>
        <line num="74" type="stmt" count="1"/>
        <line num="75" type="stmt" count="1"/>
        <line num="76" type="stmt" count="1"/>
        <line num="78" type="stmt" count="1"/>
        <line num="81" type="method" name="delete" visibility="public" complexity="1" crap="1" count="1"/>
        <line num="83" type="stmt" count="1"/>
        <line num="86" type="method" name="shareWithUser" visibility="public" complexity="3" crap="12" count="0"/>
        <line num="88" type="stmt" count="0"/>
        <line num="89" type="stmt" count="0"/>
        <line num="90" type="stmt" count="0"/>
        <line num="93" type="stmt" count="0"/>
        <line num="94" type="stmt" count="0"/>
        <line num="97" type="stmt" count="0"/>
        <line num="98" type="stmt" count="0"/>
        <line num="99" type="stmt" count="0"/>
        <line num="101" type="stmt" count="0"/>
        <line num="104" type="method" name="unshareWithUser" visibility="public" complexity="1" crap="2" count="0"/>
        <line num="106" type="stmt" count="0"/>
        <line num="107" type="stmt" count="0"/>
        <line num="108" type="stmt" count="0"/>
        <line num="110" type="stmt" count="0"/>
        <line num="114" type="method" name="serialize" visibility="public" complexity="1" crap="1" count="1"/>
        <line num="116" type="stmt" count="1"/>
        <line num="117" type="stmt" count="1"/>
        <line num="118" type="stmt" count="1"/>
        <line num="119" type="stmt" count="1"/>
        <line num="120" type="stmt" count="1"/>
        <line num="121" type="stmt" count="1"/>
        <line num="122" type="stmt" count="1"/>
        <line num="123" type="stmt" count="1"/>
        <line num="124" type="stmt" count="1"/>
        <line num="125" type="stmt" count="1"/>
        <line num="126" type="stmt" count="1"/>
        <line num="129" type="method" name="parseDueDate" visibility="private" complexity="4" crap="11.53" count="3"/>
        <line num="131" type="stmt" count="3"/>
        <line num="132" type="stmt" count="3"/>
        <line num="135" type="stmt" count="0"/>
        <line num="136" type="stmt" count="0"/>
        <line num="137" type="stmt" count="0"/>
        <line num="140" type="stmt" count="0"/>
        <line num="141" type="stmt" count="0"/>
        <line num="142" type="stmt" count="0"/>
        <line num="145" type="stmt" count="0"/>
        <line num="148" type="method" name="resolveActorId" visibility="private" complexity="4" crap="5.26" count="5"/>
        <line num="150" type="stmt" count="5"/>
        <line num="151" type="stmt" count="0"/>
        <line num="152" type="stmt" count="0"/>
        <line num="153" type="stmt" count="0"/>
        <line num="157" type="stmt" count="5"/>
        <line num="158" type="stmt" count="5"/>
        <line num="160" type="stmt" count="5"/>
        <line num="164" type="method" name="validate" visibility="private" complexity="2" crap="2" count="4"/>
        <line num="166" type="stmt" count="4"/>
        <line num="167" type="stmt" count="4"/>
        <line num="168" type="stmt" count="1"/>
        <metrics loc="172" ncloc="161" classes="1" methods="12" coveredmethods="7" conditionals="0" coveredconditionals="0" statements="71" coveredstatements="47" elements="83" coveredelements="54"/>
      </file>
    </package>
    <package name="App\Traits">
      <file name="/app/src/Traits/SaveRemoveTrait.php">
        <class name="App\Traits\SaveRemoveTrait" namespace="App\Traits">
          <metrics complexity="0" methods="0" coveredmethods="0" conditionals="0" coveredconditionals="0" statements="0" coveredstatements="0" elements="0" coveredelements="0"/>
        </class>
        <metrics loc="17" ncloc="13" classes="0" methods="0" coveredmethods="0" conditionals="0" coveredconditionals="0" statements="0" coveredstatements="0" elements="0" coveredelements="0"/>
      </file>
      <file name="/app/src/Traits/TimestampableTrait.php">
        <class name="App\Traits\TimestampableTrait" namespace="App\Traits">
          <metrics complexity="0" methods="0" coveredmethods="0" conditionals="0" coveredconditionals="0" statements="0" coveredstatements="0" elements="0" coveredelements="0"/>
        </class>
        <metrics loc="17" ncloc="13" classes="0" methods="0" coveredmethods="0" conditionals="0" coveredconditionals="0" statements="0" coveredstatements="0" elements="0" coveredelements="0"/>
      </file>
    </package>
    <metrics files="16" loc="1580" ncloc="1494" classes="12" methods="109" coveredmethods="41" conditionals="0" coveredconditionals="0" statements="521" coveredstatements="144" elements="630" coveredelements="185"/>
  </project>
</coverage>
